2021-08-12 14:22:59,775 [Worker-4: Loading available Gradle versions] INFO  o.e.b.c.i.u.g.PublishedGradleVersions - Gradle version information cache is out-of-date. Trying to update.
2021-08-12 14:25:09,746 [Worker-12: Building] INFO  o.e.m.c.i.l.LifecycleMappingFactory - Using org.eclipse.m2e.jdt.JarLifecycleMapping lifecycle mapping for MavenProject: com.example:employee-application:0.0.1-SNAPSHOT @ C:\Users\SWATHI\Desktop\24julyspring\employee-application\pom.xml.
2021-08-12 14:25:35,191 [Worker-12: Building] INFO  o.e.m.c.i.embedder.EclipseLogger - Using 'UTF-8' encoding to copy filtered resources.
2021-08-12 14:25:35,192 [Worker-12: Building] INFO  o.e.m.c.i.embedder.EclipseLogger - Using 'UTF-8' encoding to copy filtered properties files.
2021-08-12 14:25:35,232 [Worker-12: Building] INFO  o.e.m.c.i.embedder.EclipseLogger - Copying 1 resource
2021-08-12 14:25:35,253 [Worker-12: Building] INFO  o.e.m.c.i.embedder.EclipseLogger - Copying 1 resource
2021-08-12 14:25:35,266 [Worker-12: Building] INFO  o.e.m.c.i.embedder.EclipseLogger - Using 'UTF-8' encoding to copy filtered resources.
2021-08-12 14:25:35,266 [Worker-12: Building] INFO  o.e.m.c.i.embedder.EclipseLogger - Using 'UTF-8' encoding to copy filtered properties files.
2021-08-12 14:25:35,267 [Worker-12: Building] INFO  o.e.m.c.i.embedder.EclipseLogger - skip non existing resourceDirectory C:\Users\SWATHI\Desktop\24julyspring\employee-application\src\test\resources
2021-08-12 14:25:35,986 [Worker-5: Updating Maven Dependencies] INFO  o.e.m.c.i.l.LifecycleMappingFactory - Using org.eclipse.m2e.jdt.JarLifecycleMapping lifecycle mapping for MavenProject: com.example:employee-application:0.0.1-SNAPSHOT @ C:\Users\SWATHI\Desktop\24julyspring\employee-application\pom.xml.
2021-08-12 14:25:39,619 [Worker-14: Building] INFO  o.e.m.c.i.embedder.EclipseLogger - Using 'UTF-8' encoding to copy filtered resources.
2021-08-12 14:25:39,619 [Worker-14: Building] INFO  o.e.m.c.i.embedder.EclipseLogger - Using 'UTF-8' encoding to copy filtered properties files.
2021-08-12 14:25:39,654 [Worker-14: Building] INFO  o.e.m.c.i.embedder.EclipseLogger - Copying 1 resource
2021-08-12 14:25:39,658 [Worker-14: Building] INFO  o.e.m.c.i.embedder.EclipseLogger - Copying 1 resource
2021-08-12 14:25:39,664 [Worker-14: Building] INFO  o.e.m.c.i.embedder.EclipseLogger - Using 'UTF-8' encoding to copy filtered resources.
2021-08-12 14:25:39,664 [Worker-14: Building] INFO  o.e.m.c.i.embedder.EclipseLogger - Using 'UTF-8' encoding to copy filtered properties files.
2021-08-12 14:25:39,664 [Worker-14: Building] INFO  o.e.m.c.i.embedder.EclipseLogger - skip non existing resourceDirectory C:\Users\SWATHI\Desktop\24julyspring\employee-application\src\test\resources
2021-08-12 14:26:59,557 [Worker-7: Building] INFO  o.e.m.c.i.embedder.EclipseLogger - Using 'UTF-8' encoding to copy filtered resources.
2021-08-12 14:26:59,559 [Worker-7: Building] INFO  o.e.m.c.i.embedder.EclipseLogger - Using 'UTF-8' encoding to copy filtered properties files.
2021-08-12 14:26:59,559 [Worker-7: Building] INFO  o.e.m.c.i.embedder.EclipseLogger - Copying 0 resource
2021-08-12 14:26:59,559 [Worker-7: Building] INFO  o.e.m.c.i.embedder.EclipseLogger - Copying 0 resource
2021-08-12 14:26:59,561 [Worker-7: Building] INFO  o.e.m.c.i.embedder.EclipseLogger - Using 'UTF-8' encoding to copy filtered resources.
2021-08-12 14:26:59,561 [Worker-7: Building] INFO  o.e.m.c.i.embedder.EclipseLogger - Using 'UTF-8' encoding to copy filtered properties files.
2021-08-12 14:26:59,561 [Worker-7: Building] INFO  o.e.m.c.i.embedder.EclipseLogger - skip non existing resourceDirectory C:\Users\SWATHI\Desktop\24julyspring\employee-application\src\test\resources
2021-08-12 18:00:48,458 [main] INFO  o.e.m2e.actions.ExecutePomAction - Creating new launch configuration
2021-08-12 18:02:40,649 [Worker-28: Launching employee-application] INFO  o.e.m.i.launch.MavenLaunchDelegate - C:\Users\SWATHI\Desktop\24julyspring\employee-application
2021-08-12 18:02:40,657 [Worker-28: Launching employee-application] INFO  o.e.m.i.launch.MavenLaunchDelegate -  mvn -B build -Dstyle.color=always
2021-12-27 15:15:45,272 [Worker-4: Loading available Gradle versions] INFO  o.e.b.c.i.u.g.PublishedGradleVersions - Gradle version information cache is out-of-date. Trying to update.
2021-12-27 15:16:24,306 [Worker-7: Launching employee-application - EmployeeApplication] INFO  o.e.m.c.i.embedder.EclipseLogger - Using 'UTF-8' encoding to copy filtered resources.
2021-12-27 15:16:24,307 [Worker-7: Launching employee-application - EmployeeApplication] INFO  o.e.m.c.i.embedder.EclipseLogger - Using 'UTF-8' encoding to copy filtered properties files.
2021-12-27 15:16:24,311 [Worker-7: Launching employee-application - EmployeeApplication] INFO  o.e.m.c.i.embedder.EclipseLogger - Copying 1 resource
2021-12-27 15:16:24,325 [Worker-7: Launching employee-application - EmployeeApplication] INFO  o.e.m.c.i.embedder.EclipseLogger - Copying 1 resource
2021-12-27 15:16:24,336 [Worker-7: Launching employee-application - EmployeeApplication] INFO  o.e.m.c.i.embedder.EclipseLogger - Using 'UTF-8' encoding to copy filtered resources.
2021-12-27 15:16:24,336 [Worker-7: Launching employee-application - EmployeeApplication] INFO  o.e.m.c.i.embedder.EclipseLogger - Using 'UTF-8' encoding to copy filtered properties files.
2021-12-27 15:16:24,336 [Worker-7: Launching employee-application - EmployeeApplication] INFO  o.e.m.c.i.embedder.EclipseLogger - skip non existing resourceDirectory C:\Users\SWATHI\Desktop\24julyspring\employee-application\src\test\resources
